Restler Information: 0 : Starting task Test...
    DateTime=2026-04-27T13:04:23.3892012Z
Restler Information: 0 : Launching 'python.exe --version'
    DateTime=2026-04-27T13:04:24.4983255Z
Restler Information: 0 : Process execution terminated in 00:00:00.0827994 with exit code 0x0: 'python.exe --version'
    DateTime=2026-04-27T13:04:24.7184057Z
Restler Information: 0 : (8956) python.exe --version exited with code: 0
    DateTime=2026-04-27T13:04:24.7250253Z
Restler Information: 0 : Launching 'python.exe -B "C:\Users\RLJ\Desktop\study\restler_bin\restler\../engine/restler.py" --restler_grammar "C:\Users\RLJ\Desktop\study\restler_bin\grammar\grammar_round2.py" --custom_mutations "C:\Users\RLJ\Desktop\study\restler_bin\dict\dict_round2.json" --set_version 9.3.1    --no_ssl   --settings "C:\Users\RLJ\Desktop\study\restler_bin\engine_settings.json"     --include_user_agent --no_tokens_in_logs t --garbage_collection_interval 30 --fuzzing_mode directed-smoke-test'
    DateTime=2026-04-27T13:04:24.7373457Z
Restler Information: 0 : Process execution terminated in 00:00:10.6931276 with exit code 0x0: 'python.exe -B "C:\Users\RLJ\Desktop\study\restler_bin\restler\../engine/restler.py" --restler_grammar "C:\Users\RLJ\Desktop\study\restler_bin\grammar\grammar_round2.py" --custom_mutations "C:\Users\RLJ\Desktop\study\restler_bin\dict\dict_round2.json" --set_version 9.3.1    --no_ssl   --settings "C:\Users\RLJ\Desktop\study\restler_bin\engine_settings.json"     --include_user_agent --no_tokens_in_logs t --garbage_collection_interval 30 --fuzzing_mode directed-smoke-test'
    DateTime=2026-04-27T13:04:35.4306679Z
Restler Information: 0 : (2572) python.exe -B "C:\Users\RLJ\Desktop\study\restler_bin\restler\../engine/restler.py" --restler_grammar "C:\Users\RLJ\Desktop\study\restler_bin\grammar\grammar_round2.py" --custom_mutations "C:\Users\RLJ\Desktop\study\restler_bin\dict\dict_round2.json" --set_version 9.3.1    --no_ssl   --settings "C:\Users\RLJ\Desktop\study\restler_bin\engine_settings.json"     --include_user_agent --no_tokens_in_logs t --garbage_collection_interval 30 --fuzzing_mode directed-smoke-test exited with code: 0
    DateTime=2026-04-27T13:04:35.4307560Z
Restler Information: 0 : Launching 'dotnet "C:\Users\RLJ\Desktop\study\restler_bin\restler\../resultsAnalyzer/Restler.ResultsAnalyzer.dll" analyze "C:\Users\RLJ\Desktop\study\restler_bin\Test" --output_dir "C:\Users\RLJ\Desktop\study\restler_bin\Test\ResponseBuckets" --dictionary_file "C:\Users\RLJ\Desktop\study\restler_bin\dict\dict_round2.json" --max_instances_per_bucket 10'
    DateTime=2026-04-27T13:04:35.4401973Z
Restler Information: 0 : Process execution terminated in 00:00:00.2113201 with exit code 0x1: 'dotnet "C:\Users\RLJ\Desktop\study\restler_bin\restler\../resultsAnalyzer/Restler.ResultsAnalyzer.dll" analyze "C:\Users\RLJ\Desktop\study\restler_bin\Test" --output_dir "C:\Users\RLJ\Desktop\study\restler_bin\Test\ResponseBuckets" --dictionary_file "C:\Users\RLJ\Desktop\study\restler_bin\dict\dict_round2.json" --max_instances_per_bucket 10'
    DateTime=2026-04-27T13:04:35.6516556Z
Restler Information: 0 : (37416) dotnet "C:\Users\RLJ\Desktop\study\restler_bin\restler\../resultsAnalyzer/Restler.ResultsAnalyzer.dll" analyze "C:\Users\RLJ\Desktop\study\restler_bin\Test" --output_dir "C:\Users\RLJ\Desktop\study\restler_bin\Test\ResponseBuckets" --dictionary_file "C:\Users\RLJ\Desktop\study\restler_bin\dict\dict_round2.json" --max_instances_per_bucket 10 exited with code: 1
    DateTime=2026-04-27T13:04:35.6517705Z
Restler Error: 0 : Results analyzer for logs in C:\Users\RLJ\Desktop\study\restler_bin\Test failed.
    DateTime=2026-04-27T13:04:35.6561179Z
Restler Information: 0 : Request coverage (successful / total): 16 / 36
    DateTime=2026-04-27T13:04:35.7330694Z
Restler Information: 0 : Attempted requests: 36 / 36
    DateTime=2026-04-27T13:04:35.7333147Z
Restler Information: 0 : No bugs were found.
    DateTime=2026-04-27T13:04:35.7352652Z
Restler Information: 0 : See 'coverage_failures_to_investigate.txt' to investigate API coverage.
    DateTime=2026-04-27T13:04:35.7996167Z
Restler Information: 0 : Task Test succeeded.
    DateTime=2026-04-27T13:04:35.8020668Z
Restler Information: 0 : Collecting logs...
    DateTime=2026-04-27T13:04:36.1370863Z
